<?xml version="1.0" encoding="UTF-8"?>
<!-- Generated by org.testng.reporters.JUnitReportReporter -->
<testsuite hostname="INVIND760" failures="0" tests="1" name="testCases.TC_paytm_ticket" time="7.494" errors="0" timestamp="09 Jun 2023 06:42:15 GMT" skipped="0">
  <testcase classname="testCases.TC_paytm_ticket" name="PaytmTicket" time="7.494"/>
</testsuite> <!-- testCases.TC_paytm_ticket -->
