<?xml version="1.0" encoding="UTF-8"?>
<!-- Generated by org.testng.reporters.JUnitReportReporter -->
<testsuite hostname="INVIND760" failures="0" tests="4" name="testCases.TC_0009_Delete_Customer_Invalid_Input" time="41.449" errors="0" timestamp="14 Apr 2023 06:07:19 GMT" skipped="0">
  <testcase classname="testCases.TC_0009_Delete_Customer_Invalid_Input" name="deleteCustomerScearch" time="8.930"/>
  <testcase classname="testCases.TC_0009_Delete_Customer_Invalid_Input" name="deleteCustomerScearch" time="13.603"/>
  <testcase classname="testCases.TC_0009_Delete_Customer_Invalid_Input" name="deleteCustomerScearch" time="9.618"/>
  <testcase classname="testCases.TC_0009_Delete_Customer_Invalid_Input" name="deleteCustomerScearch" time="9.298"/>
</testsuite> <!-- testCases.TC_0009_Delete_Customer_Invalid_Input -->
