<?xml version="1.0" encoding="UTF-8"?>
<!-- Generated by org.testng.reporters.JUnitReportReporter -->
<testsuite hostname="LAPTOP-3QUQA1CL" failures="0" tests="14" name="testCases.TC_SEO" time="346.967" errors="0" timestamp="28 Aug 2023 10:54:03 GMT" skipped="0">
  <testcase classname="testCases.TC_SEO" name="TC_Content_Check" time="34.262"/>
  <testcase classname="testCases.TC_SEO" name="TC_Content_Check" time="23.050"/>
  <testcase classname="testCases.TC_SEO" name="TC_Content_Check" time="22.759"/>
  <testcase classname="testCases.TC_SEO" name="TC_Content_Check" time="4.913"/>
  <testcase classname="testCases.TC_SEO" name="TC_Content_Check" time="23.154"/>
  <testcase classname="testCases.TC_SEO" name="TC_Content_Check" time="30.775"/>
  <testcase classname="testCases.TC_SEO" name="TC_Content_Check" time="22.604"/>
  <testcase classname="testCases.TC_SEO" name="TC_Content_Check" time="23.051"/>
  <testcase classname="testCases.TC_SEO" name="TC_Content_Check" time="23.030"/>
  <testcase classname="testCases.TC_SEO" name="TC_Content_Check" time="23.404"/>
  <testcase classname="testCases.TC_SEO" name="TC_Content_Check" time="27.733"/>
  <testcase classname="testCases.TC_SEO" name="TC_Content_Check" time="25.293"/>
  <testcase classname="testCases.TC_SEO" name="TC_Content_Check" time="24.964"/>
  <testcase classname="testCases.TC_SEO" name="TC_Content_Check" time="37.975"/>
</testsuite> <!-- testCases.TC_SEO -->
