<?xml version="1.0" encoding="UTF-8"?>
<!-- Generated by org.testng.reporters.JUnitReportReporter -->
<testsuite hostname="INVIND760" failures="0" tests="1" name="testCases.TC_0019_Fund_Transfer_Test" time="6.165" errors="0" timestamp="13 Apr 2023 08:22:35 GMT" skipped="0">
  <testcase classname="testCases.TC_0019_Fund_Transfer_Test" name="TC_0019_Fund_Transfe" time="6.165"/>
</testsuite> <!-- testCases.TC_0019_Fund_Transfer_Test -->
