<?xml version="1.0" encoding="UTF-8"?>
<!-- Generated by org.testng.reporters.JUnitReportReporter -->
<testsuite hostname="INVIND760" failures="0" tests="16" name="testCases.TC_006_Response_Time_Test" time="58.340" errors="0" timestamp="28 Apr 2023 07:07:23 GMT" skipped="0">
  <testcase classname="testCases.TC_006_Response_Time_Test" name="TC_006_Response_Time" time="3.008"/>
  <testcase classname="testCases.TC_006_Response_Time_Test" name="TC_006_Response_Time" time="2.934"/>
  <testcase classname="testCases.TC_006_Response_Time_Test" name="TC_006_Response_Time" time="3.112"/>
  <testcase classname="testCases.TC_006_Response_Time_Test" name="TC_006_Response_Time" time="3.325"/>
  <testcase classname="testCases.TC_006_Response_Time_Test" name="TC_006_Response_Time" time="2.897"/>
  <testcase classname="testCases.TC_006_Response_Time_Test" name="TC_006_Response_Time" time="2.620"/>
  <testcase classname="testCases.TC_006_Response_Time_Test" name="TC_006_Response_Time" time="5.518"/>
  <testcase classname="testCases.TC_006_Response_Time_Test" name="TC_006_Response_Time" time="2.767"/>
  <testcase classname="testCases.TC_006_Response_Time_Test" name="TC_006_Response_Time" time="2.487"/>
  <testcase classname="testCases.TC_006_Response_Time_Test" name="TC_006_Response_Time" time="8.962"/>
  <testcase classname="testCases.TC_006_Response_Time_Test" name="TC_006_Response_Time" time="6.333"/>
  <testcase classname="testCases.TC_006_Response_Time_Test" name="TC_006_Response_Time" time="2.590"/>
  <testcase classname="testCases.TC_006_Response_Time_Test" name="TC_006_Response_Time" time="3.415"/>
  <testcase classname="testCases.TC_006_Response_Time_Test" name="TC_006_Response_Time" time="3.136"/>
  <testcase classname="testCases.TC_006_Response_Time_Test" name="TC_006_Response_Time" time="2.596"/>
  <testcase classname="testCases.TC_006_Response_Time_Test" name="TC_006_Response_Time" time="2.640"/>
</testsuite> <!-- testCases.TC_006_Response_Time_Test -->
