<?xml version="1.0" encoding="UTF-8"?>
<!-- Generated by org.testng.reporters.JUnitReportReporter -->
<testsuite hostname="INVIND760" failures="0" tests="9" name="testCases.TC00_11_New_Account_Invalid_Value" time="115.350" errors="0" timestamp="14 Apr 2023 05:32:43 GMT" skipped="0">
  <testcase classname="testCases.TC00_11_New_Account_Invalid_Value" name="addAccount" time="13.813"/>
  <testcase classname="testCases.TC00_11_New_Account_Invalid_Value" name="addAccount" time="11.228"/>
  <testcase classname="testCases.TC00_11_New_Account_Invalid_Value" name="addAccount" time="11.498"/>
  <testcase classname="testCases.TC00_11_New_Account_Invalid_Value" name="addAccount" time="14.774"/>
  <testcase classname="testCases.TC00_11_New_Account_Invalid_Value" name="addAccount" time="13.427"/>
  <testcase classname="testCases.TC00_11_New_Account_Invalid_Value" name="addAccount" time="11.233"/>
  <testcase classname="testCases.TC00_11_New_Account_Invalid_Value" name="addAccount" time="14.156"/>
  <testcase classname="testCases.TC00_11_New_Account_Invalid_Value" name="addAccount" time="11.226"/>
  <testcase classname="testCases.TC00_11_New_Account_Invalid_Value" name="addAccount" time="13.995"/>
</testsuite> <!-- testCases.TC00_11_New_Account_Invalid_Value -->
