<?xml version="1.0" encoding="UTF-8"?>
<!-- Generated by org.testng.reporters.JUnitReportReporter -->
<testsuite hostname="INVIND760" failures="0" tests="1" name="testCases.TC_0015_Money_Withdrawal" time="10.475" errors="0" timestamp="13 Apr 2023 10:26:33 GMT" skipped="0">
  <testcase classname="testCases.TC_0015_Money_Withdrawal" name="TC_0015_Widrawa_Money" time="10.475"/>
</testsuite> <!-- testCases.TC_0015_Money_Withdrawal -->
