<?xml version="1.0" encoding="UTF-8"?>
<!-- Generated by org.testng.reporters.JUnitReportReporter -->
<testsuite hostname="INVIND760" failures="0" tests="10" name="testCases.TC_0016_Money_Widrawal_Invalue_Valid_Test" time="148.006" errors="0" timestamp="13 Apr 2023 10:14:53 GMT" skipped="0">
  <testcase classname="testCases.TC_0016_Money_Widrawal_Invalue_Valid_Test" name="TC_0016_Withdraw_Money_Invalid_Value" time="15.679"/>
  <testcase classname="testCases.TC_0016_Money_Widrawal_Invalue_Valid_Test" name="TC_0016_Withdraw_Money_Invalid_Value" time="14.859"/>
  <testcase classname="testCases.TC_0016_Money_Widrawal_Invalue_Valid_Test" name="TC_0016_Withdraw_Money_Invalid_Value" time="14.644"/>
  <testcase classname="testCases.TC_0016_Money_Widrawal_Invalue_Valid_Test" name="TC_0016_Withdraw_Money_Invalid_Value" time="14.722"/>
  <testcase classname="testCases.TC_0016_Money_Widrawal_Invalue_Valid_Test" name="TC_0016_Withdraw_Money_Invalid_Value" time="15.045"/>
  <testcase classname="testCases.TC_0016_Money_Widrawal_Invalue_Valid_Test" name="TC_0016_Withdraw_Money_Invalid_Value" time="14.177"/>
  <testcase classname="testCases.TC_0016_Money_Widrawal_Invalue_Valid_Test" name="TC_0016_Withdraw_Money_Invalid_Value" time="14.568"/>
  <testcase classname="testCases.TC_0016_Money_Widrawal_Invalue_Valid_Test" name="TC_0016_Withdraw_Money_Invalid_Value" time="14.904"/>
  <testcase classname="testCases.TC_0016_Money_Widrawal_Invalue_Valid_Test" name="TC_0016_Withdraw_Money_Invalid_Value" time="14.469"/>
  <testcase classname="testCases.TC_0016_Money_Widrawal_Invalue_Valid_Test" name="TC_0016_Withdraw_Money_Invalid_Value" time="14.939"/>
</testsuite> <!-- testCases.TC_0016_Money_Widrawal_Invalue_Valid_Test -->
