<?xml version="1.0" encoding="UTF-8"?>
<!-- Generated by org.testng.reporters.JUnitReportReporter -->
<testsuite hostname="INVIND760" failures="0" tests="4" name="testCases.TC_0014_Delete_Account_InavalidValue_Test" time="45.849" errors="0" timestamp="13 Apr 2023 12:43:41 GMT" skipped="0">
  <testcase classname="testCases.TC_0014_Delete_Account_InavalidValue_Test" name="deleteCustomerScearch" time="13.686"/>
  <testcase classname="testCases.TC_0014_Delete_Account_InavalidValue_Test" name="deleteCustomerScearch" time="8.539"/>
  <testcase classname="testCases.TC_0014_Delete_Account_InavalidValue_Test" name="deleteCustomerScearch" time="12.683"/>
  <testcase classname="testCases.TC_0014_Delete_Account_InavalidValue_Test" name="deleteCustomerScearch" time="10.941"/>
</testsuite> <!-- testCases.TC_0014_Delete_Account_InavalidValue_Test -->
