<?xml version="1.0" encoding="UTF-8"?>
<!-- Generated by org.testng.reporters.JUnitReportReporter -->
<testsuite hostname="INVIND760" failures="0" tests="27" name="testCases.TC_Scroll_Test3" time="382.834" errors="0" timestamp="28 Jul 2023 16:28:49 GMT" skipped="0">
  <testcase classname="testCases.TC_Scroll_Test3" name="TC_Content_Check" time="15.046"/>
  <testcase classname="testCases.TC_Scroll_Test3" name="TC_Content_Check" time="10.429"/>
  <testcase classname="testCases.TC_Scroll_Test3" name="TC_Content_Check" time="29.936"/>
  <testcase classname="testCases.TC_Scroll_Test3" name="TC_Content_Check" time="25.727"/>
  <testcase classname="testCases.TC_Scroll_Test3" name="TC_Content_Check" time="12.130"/>
  <testcase classname="testCases.TC_Scroll_Test3" name="TC_Content_Check" time="9.567"/>
  <testcase classname="testCases.TC_Scroll_Test3" name="TC_Content_Check" time="30.967"/>
  <testcase classname="testCases.TC_Scroll_Test3" name="TC_Content_Check" time="12.833"/>
  <testcase classname="testCases.TC_Scroll_Test3" name="TC_Content_Check" time="11.263"/>
  <testcase classname="testCases.TC_Scroll_Test3" name="TC_Content_Check" time="11.930"/>
  <testcase classname="testCases.TC_Scroll_Test3" name="TC_Content_Check" time="18.500"/>
  <testcase classname="testCases.TC_Scroll_Test3" name="TC_Content_Check" time="10.495"/>
  <testcase classname="testCases.TC_Scroll_Test3" name="TC_Content_Check" time="10.923"/>
  <testcase classname="testCases.TC_Scroll_Test3" name="TC_Content_Check" time="11.727"/>
  <testcase classname="testCases.TC_Scroll_Test3" name="TC_Content_Check" time="14.604"/>
  <testcase classname="testCases.TC_Scroll_Test3" name="TC_Content_Check" time="12.369"/>
  <testcase classname="testCases.TC_Scroll_Test3" name="TC_Content_Check" time="11.514"/>
  <testcase classname="testCases.TC_Scroll_Test3" name="TC_Content_Check" time="12.690"/>
  <testcase classname="testCases.TC_Scroll_Test3" name="TC_Content_Check" time="14.798"/>
  <testcase classname="testCases.TC_Scroll_Test3" name="TC_Content_Check" time="14.906"/>
  <testcase classname="testCases.TC_Scroll_Test3" name="TC_Content_Check" time="15.401"/>
  <testcase classname="testCases.TC_Scroll_Test3" name="TC_Content_Check" time="10.868"/>
  <testcase classname="testCases.TC_Scroll_Test3" name="TC_Content_Check" time="8.876"/>
  <testcase classname="testCases.TC_Scroll_Test3" name="TC_Content_Check" time="10.711"/>
  <testcase classname="testCases.TC_Scroll_Test3" name="TC_Content_Check" time="9.580"/>
  <testcase classname="testCases.TC_Scroll_Test3" name="TC_Content_Check" time="11.702"/>
  <testcase classname="testCases.TC_Scroll_Test3" name="TC_Content_Check" time="13.342"/>
</testsuite> <!-- testCases.TC_Scroll_Test3 -->
