<?xml version="1.0" encoding="UTF-8"?>
<!-- Generated by org.testng.reporters.JUnitReportReporter -->
<testsuite hostname="INVIND760" failures="0" tests="1" name="testCases.TC005_Edit_Customer_Scearch" time="38.862" errors="0" timestamp="04 Apr 2023 07:01:47 GMT" skipped="0">
  <testcase classname="testCases.TC005_Edit_Customer_Scearch" name="editCustomerScearch" time="38.862"/>
</testsuite> <!-- testCases.TC005_Edit_Customer_Scearch -->
