<?xml version="1.0" encoding="UTF-8"?>
<!-- Generated by org.testng.reporters.JUnitReportReporter -->
<testsuite hostname="INVIND760" failures="0" tests="5" name="testCases.Sheet_Read" time="0.016" errors="0" timestamp="17 Apr 2023 12:04:47 GMT" skipped="0">
  <testcase classname="testCases.Sheet_Read" name="TC_0018_Deposite_Money_Invalid_Value" time="0.011"/>
  <testcase classname="testCases.Sheet_Read" name="TC_0018_Deposite_Money_Invalid_Value" time="0.001"/>
  <testcase classname="testCases.Sheet_Read" name="TC_0018_Deposite_Money_Invalid_Value" time="0.001"/>
  <testcase classname="testCases.Sheet_Read" name="TC_0018_Deposite_Money_Invalid_Value" time="0.001"/>
  <testcase classname="testCases.Sheet_Read" name="TC_0018_Deposite_Money_Invalid_Value" time="0.002"/>
</testsuite> <!-- testCases.Sheet_Read -->
