<?xml version="1.0" encoding="UTF-8"?>
<!-- Generated by org.testng.reporters.JUnitReportReporter -->
<testsuite hostname="INVIND760" failures="0" tests="10" name="testCases.Sheet_Read" time="152.702" errors="0" timestamp="13 Apr 2023 09:35:19 GMT" skipped="0">
  <testcase classname="testCases.Sheet_Read" name="TC_0018_Deposite_Money_Invalid_Value" time="17.234"/>
  <testcase classname="testCases.Sheet_Read" name="TC_0018_Deposite_Money_Invalid_Value" time="16.384"/>
  <testcase classname="testCases.Sheet_Read" name="TC_0018_Deposite_Money_Invalid_Value" time="14.833"/>
  <testcase classname="testCases.Sheet_Read" name="TC_0018_Deposite_Money_Invalid_Value" time="14.425"/>
  <testcase classname="testCases.Sheet_Read" name="TC_0018_Deposite_Money_Invalid_Value" time="15.485"/>
  <testcase classname="testCases.Sheet_Read" name="TC_0018_Deposite_Money_Invalid_Value" time="15.963"/>
  <testcase classname="testCases.Sheet_Read" name="TC_0018_Deposite_Money_Invalid_Value" time="14.810"/>
  <testcase classname="testCases.Sheet_Read" name="TC_0018_Deposite_Money_Invalid_Value" time="14.350"/>
  <testcase classname="testCases.Sheet_Read" name="TC_0018_Deposite_Money_Invalid_Value" time="14.344"/>
  <testcase classname="testCases.Sheet_Read" name="TC_0018_Deposite_Money_Invalid_Value" time="14.874"/>
</testsuite> <!-- testCases.Sheet_Read -->
