<?xml version="1.0" encoding="UTF-8"?>
<!-- Generated by org.testng.reporters.JUnitReportReporter -->
<testsuite hostname="INVIND760" failures="0" tests="4" name="testCases.TC_0024_Mini_Statement_Invalid_Value_Test" time="32.499" errors="0" timestamp="12 Apr 2023 11:46:59 GMT" skipped="0">
  <testcase classname="testCases.TC_0024_Mini_Statement_Invalid_Value_Test" name="TC_0024_Mini_Statement_Inalid" time="6.795"/>
  <testcase classname="testCases.TC_0024_Mini_Statement_Invalid_Value_Test" name="TC_0024_Mini_Statement_Inalid" time="6.423"/>
  <testcase classname="testCases.TC_0024_Mini_Statement_Invalid_Value_Test" name="TC_0024_Mini_Statement_Inalid" time="6.470"/>
  <testcase classname="testCases.TC_0024_Mini_Statement_Invalid_Value_Test" name="TC_0024_Mini_Statement_Inalid" time="12.811"/>
</testsuite> <!-- testCases.TC_0024_Mini_Statement_Invalid_Value_Test -->
