<?xml version="1.0" encoding="UTF-8"?>
<!-- Generated by org.testng.reporters.JUnitReportReporter -->
<testsuite hostname="INVIND760" failures="0" tests="1" name="testCases.TC_AddCustomerTest_003" time="26.793" errors="0" timestamp="04 Apr 2023 11:47:27 GMT" skipped="0">
  <testcase classname="testCases.TC_AddCustomerTest_003" name="addNewCustomer" time="26.793"/>
</testsuite> <!-- testCases.TC_AddCustomerTest_003 -->
