<?xml version="1.0" encoding="UTF-8"?>
<!-- Generated by org.testng.reporters.JUnitReportReporter -->
<testsuite hostname="INVIND760" failures="0" tests="5" name="testCases.TC_LoginDDT_002" time="24.641" errors="0" timestamp="30 Mar 2023 11:03:40 GMT" skipped="0">
  <testcase classname="testCases.TC_LoginDDT_002" name="loginDDT" time="3.647"/>
  <testcase classname="testCases.TC_LoginDDT_002" name="loginDDT" time="4.804"/>
  <testcase classname="testCases.TC_LoginDDT_002" name="loginDDT" time="4.788"/>
  <testcase classname="testCases.TC_LoginDDT_002" name="loginDDT" time="6.165"/>
  <testcase classname="testCases.TC_LoginDDT_002" name="loginDDT" time="5.237"/>
</testsuite> <!-- testCases.TC_LoginDDT_002 -->
