<?xml version="1.0" encoding="UTF-8"?>
<!-- Generated by org.testng.reporters.JUnitReportReporter -->
<testsuite hostname="INVIND760" failures="0" tests="1" name="testCases.TC00_10_New_Account_Test" time="9.129" errors="0" timestamp="14 Apr 2023 05:43:11 GMT" skipped="0">
  <testcase classname="testCases.TC00_10_New_Account_Test" name="addNewAccount" time="9.129"/>
</testsuite> <!-- testCases.TC00_10_New_Account_Test -->
