<?xml version="1.0" encoding="UTF-8"?>
<!-- Generated by org.testng.reporters.JUnitReportReporter -->
<testsuite hostname="INVIND760" failures="0" tests="3" name="testCases.TC_0008_Delete_Customer_Scearch" time="33.614" errors="0" timestamp="06 Apr 2023 07:01:37 GMT" skipped="0">
  <testcase classname="testCases.TC_0008_Delete_Customer_Scearch" name="deleteCustomerScearch" time="9.463"/>
  <testcase classname="testCases.TC_0008_Delete_Customer_Scearch" name="deleteCustomerScearch" time="15.313"/>
  <testcase classname="testCases.TC_0008_Delete_Customer_Scearch" name="deleteCustomerScearch" time="8.838"/>
</testsuite> <!-- testCases.TC_0008_Delete_Customer_Scearch -->
