<?xml version="1.0" encoding="UTF-8"?>
<!-- Generated by org.testng.reporters.JUnitReportReporter -->
<testsuite hostname="INVIND760" failures="0" tests="16" name="testCases.TC_001_Resource_Not_Found_Presente_Or_Not" time="132.988" errors="0" timestamp="28 Apr 2023 05:23:17 GMT" skipped="0">
  <testcase classname="testCases.TC_001_Resource_Not_Found_Presente_Or_Not" name="TC_001_404_Check" time="8.082"/>
  <testcase classname="testCases.TC_001_Resource_Not_Found_Presente_Or_Not" name="TC_001_404_Check" time="8.401"/>
  <testcase classname="testCases.TC_001_Resource_Not_Found_Presente_Or_Not" name="TC_001_404_Check" time="8.320"/>
  <testcase classname="testCases.TC_001_Resource_Not_Found_Presente_Or_Not" name="TC_001_404_Check" time="7.701"/>
  <testcase classname="testCases.TC_001_Resource_Not_Found_Presente_Or_Not" name="TC_001_404_Check" time="9.807"/>
  <testcase classname="testCases.TC_001_Resource_Not_Found_Presente_Or_Not" name="TC_001_404_Check" time="8.874"/>
  <testcase classname="testCases.TC_001_Resource_Not_Found_Presente_Or_Not" name="TC_001_404_Check" time="9.413"/>
  <testcase classname="testCases.TC_001_Resource_Not_Found_Presente_Or_Not" name="TC_001_404_Check" time="10.521"/>
  <testcase classname="testCases.TC_001_Resource_Not_Found_Presente_Or_Not" name="TC_001_404_Check" time="7.708"/>
  <testcase classname="testCases.TC_001_Resource_Not_Found_Presente_Or_Not" name="TC_001_404_Check" time="7.836"/>
  <testcase classname="testCases.TC_001_Resource_Not_Found_Presente_Or_Not" name="TC_001_404_Check" time="7.102"/>
  <testcase classname="testCases.TC_001_Resource_Not_Found_Presente_Or_Not" name="TC_001_404_Check" time="7.320"/>
  <testcase classname="testCases.TC_001_Resource_Not_Found_Presente_Or_Not" name="TC_001_404_Check" time="7.656"/>
  <testcase classname="testCases.TC_001_Resource_Not_Found_Presente_Or_Not" name="TC_001_404_Check" time="7.503"/>
  <testcase classname="testCases.TC_001_Resource_Not_Found_Presente_Or_Not" name="TC_001_404_Check" time="9.491"/>
  <testcase classname="testCases.TC_001_Resource_Not_Found_Presente_Or_Not" name="TC_001_404_Check" time="7.253"/>
</testsuite> <!-- testCases.TC_001_Resource_Not_Found_Presente_Or_Not -->
